<?xml version="1.0" encoding="UTF-8"?>
<!-- Generated by org.testng.reporters.JUnitReportReporter -->
<testsuite skipped="0" hostname="DESKTOP-CM6S6TJ" name="test.LoginTest" tests="1" failures="0" timestamp="2021-02-03T18:56:26 CST" time="15.140" errors="0">
  <testcase name="loginTest" time="15.140" classname="test.LoginTest"/>
  <system-out/>
</testsuite> <!-- test.LoginTest -->
