<?xml version="1.0" encoding="UTF-8"?>
<!-- Generated by org.testng.reporters.JUnitReportReporter -->
<testsuite skipped="0" hostname="DESKTOP-CM6S6TJ" name="test.AddNewBankAccountTest" tests="1" failures="0" timestamp="2021-02-03T18:59:39 CST" time="27.925" errors="0">
  <testcase name="loginTest" time="27.925" classname="test.AddNewBankAccountTest"/>
  <system-out/>
</testsuite> <!-- test.AddNewBankAccountTest -->
