<?xml version="1.0" encoding="UTF-8"?>
<!-- Generated by org.testng.reporters.JUnitReportReporter -->
<testsuite skipped="0" hostname="DESKTOP-CM6S6TJ" name="util.BrowserFactory" tests="1" failures="0" timestamp="2021-01-25T20:34:54 CST" time="11.689" errors="0">
  <testcase name="init" time="11.689" classname="util.BrowserFactory"/>
  <system-out/>
</testsuite> <!-- util.BrowserFactory -->
